现在分析的文件是: /Volumes/移动硬盘/code/school/npm_malicious_package/action-destinations-60.54.35/package/index.js 2023/4/23 23:37:48
error名称: Error 2023/4/23 23:37:48
error信息Cannot find module '@babel/plugin-syntax-flow' 2023/4/23 23:37:48
错误栈Error: Cannot find module '@babel/plugin-syntax-flow'
    at webpackEmptyContext (webpack://feature-extract/./node_modules/@babel/core/lib/config/files/_sync?:2:10)
    at tryRequireResolve (webpack://feature-extract/./node_modules/@babel/core/lib/config/files/plugins.js?:122:9)
    at resolveStandardizedNameForRequire (webpack://feature-extract/./node_modules/@babel/core/lib/config/files/plugins.js?:156:19)
    at sync (webpack://feature-extract/./node_modules/@babel/core/lib/config/files/plugins.js?:179:12)
    at sync (webpack://feature-extract/./node_modules/gensync/index.js?:182:19)
    at eval (webpack://feature-extract/./node_modules/gensync/index.js?:210:24)
    at Generator.next (<anonymous>)
    at resolvePlugin (webpack://feature-extract/./node_modules/@babel/core/lib/config/files/plugins.js?:60:17)
    at resolvePlugin.next (<anonymous>)
    at loadPlugin (webpack://feature-extract/./node_modules/@babel/core/lib/config/files/plugins.js?:66:27)
    at loadPlugin.next (<anonymous>)
    at createDescriptor (webpack://feature-extract/./node_modules/@babel/core/lib/config/config-descriptors.js?:139:16)
    at createDescriptor.next (<anonymous>)
    at evaluateSync (webpack://feature-extract/./node_modules/gensync/index.js?:251:28)
    at eval (webpack://feature-extract/./node_modules/gensync/index.js?:31:34)
    at Array.map (<anonymous>)
    at Function.sync (webpack://feature-extract/./node_modules/gensync/index.js?:31:22)
    at Function.all (webpack://feature-extract/./node_modules/gensync/index.js?:210:24)
    at Generator.next (<anonymous>)
    at createDescriptors (webpack://feature-extract/./node_modules/@babel/core/lib/config/config-descriptors.js?:101:41)
    at createDescriptors.next (<anonymous>)
    at createPluginDescriptors (webpack://feature-extract/./node_modules/@babel/core/lib/config/config-descriptors.js?:98:17)
    at createPluginDescriptors.next (<anonymous>)
    at eval (webpack://feature-extract/./node_modules/@babel/core/lib/config/config-descriptors.js?:64:32)
    at Generator.next (<anonymous>)
    at Function.eval (webpack://feature-extract/./node_modules/@babel/core/lib/gensync-utils/async.js?:21:3)
    at Generator.next (<anonymous>)
    at evaluateSync (webpack://feature-extract/./node_modules/gensync/index.js?:251:28)
    at Function.sync (webpack://feature-extract/./node_modules/gensync/index.js?:89:14)
    at sync (webpack://feature-extract/./node_modules/@babel/core/lib/gensync-utils/async.js?:62:25)
    at sync (webpack://feature-extract/./node_modules/gensync/index.js?:182:19)
    at onFirstPause (webpack://feature-extract/./node_modules/gensync/index.js?:210:24)
    at Generator.next (<anonymous>)
    at cachedFunction (webpack://feature-extract/./node_modules/@babel/core/lib/config/caching.js?:52:46)
    at cachedFunction.next (<anonymous>)
    at mergeChainOpts (webpack://feature-extract/./node_modules/@babel/core/lib/config/config-chain.js?:349:34)
    at mergeChainOpts.next (<anonymous>)
    at chainWalker (webpack://feature-extract/./node_modules/@babel/core/lib/config/config-chain.js?:316:14)
    at chainWalker.next (<anonymous>)
    at buildRootChain (webpack://feature-extract/./node_modules/@babel/core/lib/config/config-chain.js?:57:36)
    at buildRootChain.next (<anonymous>)
    at loadPrivatePartialConfig (webpack://feature-extract/./node_modules/@babel/core/lib/config/partial.js?:79:62)
    at loadPrivatePartialConfig.next (<anonymous>)
    at loadFullConfig (webpack://feature-extract/./node_modules/@babel/core/lib/config/full.js?:36:46)
    at loadFullConfig.next (<anonymous>)
    at parse (webpack://feature-extract/./node_modules/@babel/core/lib/parse.js?:21:45)
    at parse.next (<anonymous>)
    at evaluateSync (webpack://feature-extract/./node_modules/gensync/index.js?:251:28)
    at sync (webpack://feature-extract/./node_modules/gensync/index.js?:89:14)
    at stopHiding - secret - don't use this - v1 (webpack://feature-extract/./node_modules/@babel/core/lib/errors/rewrite-stack-trace.js?:46:12) 2023/4/23 23:37:48
现在分析的文件是: /Volumes/移动硬盘/code/school/npm_malicious_package/action-destinations-70.0.2/package/index.js 2023/4/23 23:37:49
error名称: Error 2023/4/23 23:37:49
error信息Cannot find module '@babel/plugin-syntax-flow' 2023/4/23 23:37:49
错误栈Error: Cannot find module '@babel/plugin-syntax-flow'
    at webpackEmptyContext (webpack://feature-extract/./node_modules/@babel/core/lib/config/files/_sync?:2:10)
    at tryRequireResolve (webpack://feature-extract/./node_modules/@babel/core/lib/config/files/plugins.js?:122:9)
    at resolveStandardizedNameForRequire (webpack://feature-extract/./node_modules/@babel/core/lib/config/files/plugins.js?:156:19)
    at sync (webpack://feature-extract/./node_modules/@babel/core/lib/config/files/plugins.js?:179:12)
    at sync (webpack://feature-extract/./node_modules/gensync/index.js?:182:19)
    at eval (webpack://feature-extract/./node_modules/gensync/index.js?:210:24)
    at Generator.next (<anonymous>)
    at resolvePlugin (webpack://feature-extract/./node_modules/@babel/core/lib/config/files/plugins.js?:60:17)
    at resolvePlugin.next (<anonymous>)
    at loadPlugin (webpack://feature-extract/./node_modules/@babel/core/lib/config/files/plugins.js?:66:27)
    at loadPlugin.next (<anonymous>)
    at createDescriptor (webpack://feature-extract/./node_modules/@babel/core/lib/config/config-descriptors.js?:139:16)
    at createDescriptor.next (<anonymous>)
    at evaluateSync (webpack://feature-extract/./node_modules/gensync/index.js?:251:28)
    at eval (webpack://feature-extract/./node_modules/gensync/index.js?:31:34)
    at Array.map (<anonymous>)
    at Function.sync (webpack://feature-extract/./node_modules/gensync/index.js?:31:22)
    at Function.all (webpack://feature-extract/./node_modules/gensync/index.js?:210:24)
    at Generator.next (<anonymous>)
    at createDescriptors (webpack://feature-extract/./node_modules/@babel/core/lib/config/config-descriptors.js?:101:41)
    at createDescriptors.next (<anonymous>)
    at createPluginDescriptors (webpack://feature-extract/./node_modules/@babel/core/lib/config/config-descriptors.js?:98:17)
    at createPluginDescriptors.next (<anonymous>)
    at eval (webpack://feature-extract/./node_modules/@babel/core/lib/config/config-descriptors.js?:64:32)
    at Generator.next (<anonymous>)
    at Function.eval (webpack://feature-extract/./node_modules/@babel/core/lib/gensync-utils/async.js?:21:3)
    at Generator.next (<anonymous>)
    at evaluateSync (webpack://feature-extract/./node_modules/gensync/index.js?:251:28)
    at Function.sync (webpack://feature-extract/./node_modules/gensync/index.js?:89:14)
    at sync (webpack://feature-extract/./node_modules/@babel/core/lib/gensync-utils/async.js?:62:25)
    at sync (webpack://feature-extract/./node_modules/gensync/index.js?:182:19)
    at onFirstPause (webpack://feature-extract/./node_modules/gensync/index.js?:210:24)
    at Generator.next (<anonymous>)
    at cachedFunction (webpack://feature-extract/./node_modules/@babel/core/lib/config/caching.js?:52:46)
    at cachedFunction.next (<anonymous>)
    at mergeChainOpts (webpack://feature-extract/./node_modules/@babel/core/lib/config/config-chain.js?:349:34)
    at mergeChainOpts.next (<anonymous>)
    at chainWalker (webpack://feature-extract/./node_modules/@babel/core/lib/config/config-chain.js?:316:14)
    at chainWalker.next (<anonymous>)
    at buildRootChain (webpack://feature-extract/./node_modules/@babel/core/lib/config/config-chain.js?:57:36)
    at buildRootChain.next (<anonymous>)
    at loadPrivatePartialConfig (webpack://feature-extract/./node_modules/@babel/core/lib/config/partial.js?:79:62)
    at loadPrivatePartialConfig.next (<anonymous>)
    at loadFullConfig (webpack://feature-extract/./node_modules/@babel/core/lib/config/full.js?:36:46)
    at loadFullConfig.next (<anonymous>)
    at parse (webpack://feature-extract/./node_modules/@babel/core/lib/parse.js?:21:45)
    at parse.next (<anonymous>)
    at evaluateSync (webpack://feature-extract/./node_modules/gensync/index.js?:251:28)
    at sync (webpack://feature-extract/./node_modules/gensync/index.js?:89:14)
    at stopHiding - secret - don't use this - v1 (webpack://feature-extract/./node_modules/@babel/core/lib/errors/rewrite-stack-trace.js?:46:12) 2023/4/23 23:37:49
现在分析的文件是: /Volumes/移动硬盘/code/school/npm_malicious_package/action-destinations-70.0.2/package/index.js 2023/4/23 23:37:49
error名称: TypeError 2023/4/23 23:37:49
error信息traverse is not a function 2023/4/23 23:37:49
错误栈TypeError: traverse is not a function
    at eval (webpack://feature-extract/./src/feature-extract/GetInstallScripts.ts?:64:21)
    at Generator.next (<anonymous>)
    at fulfilled (webpack://feature-extract/./src/feature-extract/GetInstallScripts.ts?:18:58) 2023/4/23 23:37:49
现在分析的文件是: /Volumes/移动硬盘/code/school/npm_malicious_package/action-destinations-70.0.2/package/index.js 2023/4/23 23:37:49
error名称: Error 2023/4/23 23:37:49
error信息Cannot find module '@babel/plugin-syntax-flow' 2023/4/23 23:37:49
错误栈Error: Cannot find module '@babel/plugin-syntax-flow'
    at webpackEmptyContext (webpack://feature-extract/./node_modules/@babel/core/lib/config/files/_sync?:2:10)
    at tryRequireResolve (webpack://feature-extract/./node_modules/@babel/core/lib/config/files/plugins.js?:122:9)
    at resolveStandardizedNameForRequire (webpack://feature-extract/./node_modules/@babel/core/lib/config/files/plugins.js?:156:19)
    at sync (webpack://feature-extract/./node_modules/@babel/core/lib/config/files/plugins.js?:179:12)
    at sync (webpack://feature-extract/./node_modules/gensync/index.js?:182:19)
    at eval (webpack://feature-extract/./node_modules/gensync/index.js?:210:24)
    at Generator.next (<anonymous>)
    at resolvePlugin (webpack://feature-extract/./node_modules/@babel/core/lib/config/files/plugins.js?:60:17)
    at resolvePlugin.next (<anonymous>)
    at loadPlugin (webpack://feature-extract/./node_modules/@babel/core/lib/config/files/plugins.js?:66:27)
    at loadPlugin.next (<anonymous>)
    at createDescriptor (webpack://feature-extract/./node_modules/@babel/core/lib/config/config-descriptors.js?:139:16)
    at createDescriptor.next (<anonymous>)
    at evaluateSync (webpack://feature-extract/./node_modules/gensync/index.js?:251:28)
    at eval (webpack://feature-extract/./node_modules/gensync/index.js?:31:34)
    at Array.map (<anonymous>)
    at Function.sync (webpack://feature-extract/./node_modules/gensync/index.js?:31:22)
    at Function.all (webpack://feature-extract/./node_modules/gensync/index.js?:210:24)
    at Generator.next (<anonymous>)
    at createDescriptors (webpack://feature-extract/./node_modules/@babel/core/lib/config/config-descriptors.js?:101:41)
    at createDescriptors.next (<anonymous>)
    at createPluginDescriptors (webpack://feature-extract/./node_modules/@babel/core/lib/config/config-descriptors.js?:98:17)
    at createPluginDescriptors.next (<anonymous>)
    at eval (webpack://feature-extract/./node_modules/@babel/core/lib/config/config-descriptors.js?:64:32)
    at Generator.next (<anonymous>)
    at Function.eval (webpack://feature-extract/./node_modules/@babel/core/lib/gensync-utils/async.js?:21:3)
    at Generator.next (<anonymous>)
    at evaluateSync (webpack://feature-extract/./node_modules/gensync/index.js?:251:28)
    at Function.sync (webpack://feature-extract/./node_modules/gensync/index.js?:89:14)
    at sync (webpack://feature-extract/./node_modules/@babel/core/lib/gensync-utils/async.js?:62:25)
    at sync (webpack://feature-extract/./node_modules/gensync/index.js?:182:19)
    at onFirstPause (webpack://feature-extract/./node_modules/gensync/index.js?:210:24)
    at Generator.next (<anonymous>)
    at cachedFunction (webpack://feature-extract/./node_modules/@babel/core/lib/config/caching.js?:52:46)
    at cachedFunction.next (<anonymous>)
    at mergeChainOpts (webpack://feature-extract/./node_modules/@babel/core/lib/config/config-chain.js?:349:34)
    at mergeChainOpts.next (<anonymous>)
    at chainWalker (webpack://feature-extract/./node_modules/@babel/core/lib/config/config-chain.js?:316:14)
    at chainWalker.next (<anonymous>)
    at buildRootChain (webpack://feature-extract/./node_modules/@babel/core/lib/config/config-chain.js?:57:36)
    at buildRootChain.next (<anonymous>)
    at loadPrivatePartialConfig (webpack://feature-extract/./node_modules/@babel/core/lib/config/partial.js?:79:62)
    at loadPrivatePartialConfig.next (<anonymous>)
    at loadFullConfig (webpack://feature-extract/./node_modules/@babel/core/lib/config/full.js?:36:46)
    at loadFullConfig.next (<anonymous>)
    at parse (webpack://feature-extract/./node_modules/@babel/core/lib/parse.js?:21:45)
    at parse.next (<anonymous>)
    at evaluateSync (webpack://feature-extract/./node_modules/gensync/index.js?:251:28)
    at sync (webpack://feature-extract/./node_modules/gensync/index.js?:89:14)
    at stopHiding - secret - don't use this - v1 (webpack://feature-extract/./node_modules/@babel/core/lib/errors/rewrite-stack-trace.js?:46:12) 2023/4/23 23:37:49
现在分析的文件是: /Volumes/移动硬盘/code/school/npm_malicious_package/affinity-ui-library-101.0.0/package/index.js 2023/4/23 23:37:51
error名称: Error 2023/4/23 23:37:51
error信息Cannot find module '@babel/plugin-syntax-flow' 2023/4/23 23:37:51
错误栈Error: Cannot find module '@babel/plugin-syntax-flow'
    at webpackEmptyContext (webpack://feature-extract/./node_modules/@babel/core/lib/config/files/_sync?:2:10)
    at tryRequireResolve (webpack://feature-extract/./node_modules/@babel/core/lib/config/files/plugins.js?:122:9)
    at resolveStandardizedNameForRequire (webpack://feature-extract/./node_modules/@babel/core/lib/config/files/plugins.js?:156:19)
    at sync (webpack://feature-extract/./node_modules/@babel/core/lib/config/files/plugins.js?:179:12)
    at sync (webpack://feature-extract/./node_modules/gensync/index.js?:182:19)
    at eval (webpack://feature-extract/./node_modules/gensync/index.js?:210:24)
    at Generator.next (<anonymous>)
    at resolvePlugin (webpack://feature-extract/./node_modules/@babel/core/lib/config/files/plugins.js?:60:17)
    at resolvePlugin.next (<anonymous>)
    at loadPlugin (webpack://feature-extract/./node_modules/@babel/core/lib/config/files/plugins.js?:66:27)
    at loadPlugin.next (<anonymous>)
    at createDescriptor (webpack://feature-extract/./node_modules/@babel/core/lib/config/config-descriptors.js?:139:16)
    at createDescriptor.next (<anonymous>)
    at evaluateSync (webpack://feature-extract/./node_modules/gensync/index.js?:251:28)
    at eval (webpack://feature-extract/./node_modules/gensync/index.js?:31:34)
    at Array.map (<anonymous>)
    at Function.sync (webpack://feature-extract/./node_modules/gensync/index.js?:31:22)
    at Function.all (webpack://feature-extract/./node_modules/gensync/index.js?:210:24)
    at Generator.next (<anonymous>)
    at createDescriptors (webpack://feature-extract/./node_modules/@babel/core/lib/config/config-descriptors.js?:101:41)
    at createDescriptors.next (<anonymous>)
    at createPluginDescriptors (webpack://feature-extract/./node_modules/@babel/core/lib/config/config-descriptors.js?:98:17)
    at createPluginDescriptors.next (<anonymous>)
    at eval (webpack://feature-extract/./node_modules/@babel/core/lib/config/config-descriptors.js?:64:32)
    at Generator.next (<anonymous>)
    at Function.eval (webpack://feature-extract/./node_modules/@babel/core/lib/gensync-utils/async.js?:21:3)
    at Generator.next (<anonymous>)
    at evaluateSync (webpack://feature-extract/./node_modules/gensync/index.js?:251:28)
    at Function.sync (webpack://feature-extract/./node_modules/gensync/index.js?:89:14)
    at sync (webpack://feature-extract/./node_modules/@babel/core/lib/gensync-utils/async.js?:62:25)
    at sync (webpack://feature-extract/./node_modules/gensync/index.js?:182:19)
    at onFirstPause (webpack://feature-extract/./node_modules/gensync/index.js?:210:24)
    at Generator.next (<anonymous>)
    at cachedFunction (webpack://feature-extract/./node_modules/@babel/core/lib/config/caching.js?:52:46)
    at cachedFunction.next (<anonymous>)
    at mergeChainOpts (webpack://feature-extract/./node_modules/@babel/core/lib/config/config-chain.js?:349:34)
    at mergeChainOpts.next (<anonymous>)
    at chainWalker (webpack://feature-extract/./node_modules/@babel/core/lib/config/config-chain.js?:316:14)
    at chainWalker.next (<anonymous>)
    at buildRootChain (webpack://feature-extract/./node_modules/@babel/core/lib/config/config-chain.js?:57:36)
    at buildRootChain.next (<anonymous>)
    at loadPrivatePartialConfig (webpack://feature-extract/./node_modules/@babel/core/lib/config/partial.js?:79:62)
    at loadPrivatePartialConfig.next (<anonymous>)
    at loadFullConfig (webpack://feature-extract/./node_modules/@babel/core/lib/config/full.js?:36:46)
    at loadFullConfig.next (<anonymous>)
    at parse (webpack://feature-extract/./node_modules/@babel/core/lib/parse.js?:21:45)
    at parse.next (<anonymous>)
    at evaluateSync (webpack://feature-extract/./node_modules/gensync/index.js?:251:28)
    at sync (webpack://feature-extract/./node_modules/gensync/index.js?:89:14)
    at stopHiding - secret - don't use this - v1 (webpack://feature-extract/./node_modules/@babel/core/lib/errors/rewrite-stack-trace.js?:46:12) 2023/4/23 23:37:51
现在分析的文件是: /Volumes/移动硬盘/code/school/npm_malicious_package/allianz-icons-8.999.4/package/index.js 2023/4/23 23:37:52
error名称: Error 2023/4/23 23:37:52
error信息Cannot find module '@babel/plugin-syntax-flow' 2023/4/23 23:37:52
错误栈Error: Cannot find module '@babel/plugin-syntax-flow'
    at webpackEmptyContext (webpack://feature-extract/./node_modules/@babel/core/lib/config/files/_sync?:2:10)
    at tryRequireResolve (webpack://feature-extract/./node_modules/@babel/core/lib/config/files/plugins.js?:122:9)
    at resolveStandardizedNameForRequire (webpack://feature-extract/./node_modules/@babel/core/lib/config/files/plugins.js?:156:19)
    at sync (webpack://feature-extract/./node_modules/@babel/core/lib/config/files/plugins.js?:179:12)
    at sync (webpack://feature-extract/./node_modules/gensync/index.js?:182:19)
    at eval (webpack://feature-extract/./node_modules/gensync/index.js?:210:24)
    at Generator.next (<anonymous>)
    at resolvePlugin (webpack://feature-extract/./node_modules/@babel/core/lib/config/files/plugins.js?:60:17)
    at resolvePlugin.next (<anonymous>)
    at loadPlugin (webpack://feature-extract/./node_modules/@babel/core/lib/config/files/plugins.js?:66:27)
    at loadPlugin.next (<anonymous>)
    at createDescriptor (webpack://feature-extract/./node_modules/@babel/core/lib/config/config-descriptors.js?:139:16)
    at createDescriptor.next (<anonymous>)
    at evaluateSync (webpack://feature-extract/./node_modules/gensync/index.js?:251:28)
    at eval (webpack://feature-extract/./node_modules/gensync/index.js?:31:34)
    at Array.map (<anonymous>)
    at Function.sync (webpack://feature-extract/./node_modules/gensync/index.js?:31:22)
    at Function.all (webpack://feature-extract/./node_modules/gensync/index.js?:210:24)
    at Generator.next (<anonymous>)
    at createDescriptors (webpack://feature-extract/./node_modules/@babel/core/lib/config/config-descriptors.js?:101:41)
    at createDescriptors.next (<anonymous>)
    at createPluginDescriptors (webpack://feature-extract/./node_modules/@babel/core/lib/config/config-descriptors.js?:98:17)
    at createPluginDescriptors.next (<anonymous>)
    at eval (webpack://feature-extract/./node_modules/@babel/core/lib/config/config-descriptors.js?:64:32)
    at Generator.next (<anonymous>)
    at Function.eval (webpack://feature-extract/./node_modules/@babel/core/lib/gensync-utils/async.js?:21:3)
    at Generator.next (<anonymous>)
    at evaluateSync (webpack://feature-extract/./node_modules/gensync/index.js?:251:28)
    at Function.sync (webpack://feature-extract/./node_modules/gensync/index.js?:89:14)
    at sync (webpack://feature-extract/./node_modules/@babel/core/lib/gensync-utils/async.js?:62:25)
    at sync (webpack://feature-extract/./node_modules/gensync/index.js?:182:19)
    at onFirstPause (webpack://feature-extract/./node_modules/gensync/index.js?:210:24)
    at Generator.next (<anonymous>)
    at cachedFunction (webpack://feature-extract/./node_modules/@babel/core/lib/config/caching.js?:52:46)
    at cachedFunction.next (<anonymous>)
    at mergeChainOpts (webpack://feature-extract/./node_modules/@babel/core/lib/config/config-chain.js?:349:34)
    at mergeChainOpts.next (<anonymous>)
    at chainWalker (webpack://feature-extract/./node_modules/@babel/core/lib/config/config-chain.js?:316:14)
    at chainWalker.next (<anonymous>)
    at buildRootChain (webpack://feature-extract/./node_modules/@babel/core/lib/config/config-chain.js?:57:36)
    at buildRootChain.next (<anonymous>)
    at loadPrivatePartialConfig (webpack://feature-extract/./node_modules/@babel/core/lib/config/partial.js?:79:62)
    at loadPrivatePartialConfig.next (<anonymous>)
    at loadFullConfig (webpack://feature-extract/./node_modules/@babel/core/lib/config/full.js?:36:46)
    at loadFullConfig.next (<anonymous>)
    at parse (webpack://feature-extract/./node_modules/@babel/core/lib/parse.js?:21:45)
    at parse.next (<anonymous>)
    at evaluateSync (webpack://feature-extract/./node_modules/gensync/index.js?:251:28)
    at sync (webpack://feature-extract/./node_modules/gensync/index.js?:89:14)
    at stopHiding - secret - don't use this - v1 (webpack://feature-extract/./node_modules/@babel/core/lib/errors/rewrite-stack-trace.js?:46:12) 2023/4/23 23:37:52
现在分析的文件是: /Volumes/移动硬盘/code/school/npm_malicious_package/allianz-icons-8.999.4/package/index.js 2023/4/23 23:37:52
error名称: TypeError 2023/4/23 23:37:52
error信息traverse is not a function 2023/4/23 23:37:52
错误栈TypeError: traverse is not a function
    at eval (webpack://feature-extract/./src/feature-extract/GetInstallScripts.ts?:64:21)
    at Generator.next (<anonymous>)
    at fulfilled (webpack://feature-extract/./src/feature-extract/GetInstallScripts.ts?:18:58) 2023/4/23 23:37:52
现在分析的文件是: /Volumes/移动硬盘/code/school/npm_malicious_package/allianz-icons-8.999.4/package/index.js 2023/4/23 23:37:52
error名称: Error 2023/4/23 23:37:52
error信息Cannot find module '@babel/plugin-syntax-flow' 2023/4/23 23:37:52
错误栈Error: Cannot find module '@babel/plugin-syntax-flow'
    at webpackEmptyContext (webpack://feature-extract/./node_modules/@babel/core/lib/config/files/_sync?:2:10)
    at tryRequireResolve (webpack://feature-extract/./node_modules/@babel/core/lib/config/files/plugins.js?:122:9)
    at resolveStandardizedNameForRequire (webpack://feature-extract/./node_modules/@babel/core/lib/config/files/plugins.js?:156:19)
    at sync (webpack://feature-extract/./node_modules/@babel/core/lib/config/files/plugins.js?:179:12)
    at sync (webpack://feature-extract/./node_modules/gensync/index.js?:182:19)
    at eval (webpack://feature-extract/./node_modules/gensync/index.js?:210:24)
    at Generator.next (<anonymous>)
    at resolvePlugin (webpack://feature-extract/./node_modules/@babel/core/lib/config/files/plugins.js?:60:17)
    at resolvePlugin.next (<anonymous>)
    at loadPlugin (webpack://feature-extract/./node_modules/@babel/core/lib/config/files/plugins.js?:66:27)
    at loadPlugin.next (<anonymous>)
    at createDescriptor (webpack://feature-extract/./node_modules/@babel/core/lib/config/config-descriptors.js?:139:16)
    at createDescriptor.next (<anonymous>)
    at evaluateSync (webpack://feature-extract/./node_modules/gensync/index.js?:251:28)
    at eval (webpack://feature-extract/./node_modules/gensync/index.js?:31:34)
    at Array.map (<anonymous>)
    at Function.sync (webpack://feature-extract/./node_modules/gensync/index.js?:31:22)
    at Function.all (webpack://feature-extract/./node_modules/gensync/index.js?:210:24)
    at Generator.next (<anonymous>)
    at createDescriptors (webpack://feature-extract/./node_modules/@babel/core/lib/config/config-descriptors.js?:101:41)
    at createDescriptors.next (<anonymous>)
    at createPluginDescriptors (webpack://feature-extract/./node_modules/@babel/core/lib/config/config-descriptors.js?:98:17)
    at createPluginDescriptors.next (<anonymous>)
    at eval (webpack://feature-extract/./node_modules/@babel/core/lib/config/config-descriptors.js?:64:32)
    at Generator.next (<anonymous>)
    at Function.eval (webpack://feature-extract/./node_modules/@babel/core/lib/gensync-utils/async.js?:21:3)
    at Generator.next (<anonymous>)
    at evaluateSync (webpack://feature-extract/./node_modules/gensync/index.js?:251:28)
    at Function.sync (webpack://feature-extract/./node_modules/gensync/index.js?:89:14)
    at sync (webpack://feature-extract/./node_modules/@babel/core/lib/gensync-utils/async.js?:62:25)
    at sync (webpack://feature-extract/./node_modules/gensync/index.js?:182:19)
    at onFirstPause (webpack://feature-extract/./node_modules/gensync/index.js?:210:24)
    at Generator.next (<anonymous>)
    at cachedFunction (webpack://feature-extract/./node_modules/@babel/core/lib/config/caching.js?:52:46)
    at cachedFunction.next (<anonymous>)
    at mergeChainOpts (webpack://feature-extract/./node_modules/@babel/core/lib/config/config-chain.js?:349:34)
    at mergeChainOpts.next (<anonymous>)
    at chainWalker (webpack://feature-extract/./node_modules/@babel/core/lib/config/config-chain.js?:316:14)
    at chainWalker.next (<anonymous>)
    at buildRootChain (webpack://feature-extract/./node_modules/@babel/core/lib/config/config-chain.js?:57:36)
    at buildRootChain.next (<anonymous>)
    at loadPrivatePartialConfig (webpack://feature-extract/./node_modules/@babel/core/lib/config/partial.js?:79:62)
    at loadPrivatePartialConfig.next (<anonymous>)
    at loadFullConfig (webpack://feature-extract/./node_modules/@babel/core/lib/config/full.js?:36:46)
    at loadFullConfig.next (<anonymous>)
    at parse (webpack://feature-extract/./node_modules/@babel/core/lib/parse.js?:21:45)
    at parse.next (<anonymous>)
    at evaluateSync (webpack://feature-extract/./node_modules/gensync/index.js?:251:28)
    at sync (webpack://feature-extract/./node_modules/gensync/index.js?:89:14)
    at stopHiding - secret - don't use this - v1 (webpack://feature-extract/./node_modules/@babel/core/lib/errors/rewrite-stack-trace.js?:46:12) 2023/4/23 23:37:52
现在分析的文件是: /Volumes/移动硬盘/code/school/npm_malicious_package/ambar-137.0.0/package/dns.js 2023/4/23 23:37:52
error名称: Error 2023/4/23 23:37:52
error信息Cannot find module '@babel/plugin-syntax-flow' 2023/4/23 23:37:52
错误栈Error: Cannot find module '@babel/plugin-syntax-flow'
    at webpackEmptyContext (webpack://feature-extract/./node_modules/@babel/core/lib/config/files/_sync?:2:10)
    at tryRequireResolve (webpack://feature-extract/./node_modules/@babel/core/lib/config/files/plugins.js?:122:9)
    at resolveStandardizedNameForRequire (webpack://feature-extract/./node_modules/@babel/core/lib/config/files/plugins.js?:156:19)
    at sync (webpack://feature-extract/./node_modules/@babel/core/lib/config/files/plugins.js?:179:12)
    at sync (webpack://feature-extract/./node_modules/gensync/index.js?:182:19)
    at eval (webpack://feature-extract/./node_modules/gensync/index.js?:210:24)
    at Generator.next (<anonymous>)
    at resolvePlugin (webpack://feature-extract/./node_modules/@babel/core/lib/config/files/plugins.js?:60:17)
    at resolvePlugin.next (<anonymous>)
    at loadPlugin (webpack://feature-extract/./node_modules/@babel/core/lib/config/files/plugins.js?:66:27)
    at loadPlugin.next (<anonymous>)
    at createDescriptor (webpack://feature-extract/./node_modules/@babel/core/lib/config/config-descriptors.js?:139:16)
    at createDescriptor.next (<anonymous>)
    at evaluateSync (webpack://feature-extract/./node_modules/gensync/index.js?:251:28)
    at eval (webpack://feature-extract/./node_modules/gensync/index.js?:31:34)
    at Array.map (<anonymous>)
    at Function.sync (webpack://feature-extract/./node_modules/gensync/index.js?:31:22)
    at Function.all (webpack://feature-extract/./node_modules/gensync/index.js?:210:24)
    at Generator.next (<anonymous>)
    at createDescriptors (webpack://feature-extract/./node_modules/@babel/core/lib/config/config-descriptors.js?:101:41)
    at createDescriptors.next (<anonymous>)
    at createPluginDescriptors (webpack://feature-extract/./node_modules/@babel/core/lib/config/config-descriptors.js?:98:17)
    at createPluginDescriptors.next (<anonymous>)
    at eval (webpack://feature-extract/./node_modules/@babel/core/lib/config/config-descriptors.js?:64:32)
    at Generator.next (<anonymous>)
    at Function.eval (webpack://feature-extract/./node_modules/@babel/core/lib/gensync-utils/async.js?:21:3)
    at Generator.next (<anonymous>)
    at evaluateSync (webpack://feature-extract/./node_modules/gensync/index.js?:251:28)
    at Function.sync (webpack://feature-extract/./node_modules/gensync/index.js?:89:14)
    at sync (webpack://feature-extract/./node_modules/@babel/core/lib/gensync-utils/async.js?:62:25)
    at sync (webpack://feature-extract/./node_modules/gensync/index.js?:182:19)
    at onFirstPause (webpack://feature-extract/./node_modules/gensync/index.js?:210:24)
    at Generator.next (<anonymous>)
    at cachedFunction (webpack://feature-extract/./node_modules/@babel/core/lib/config/caching.js?:52:46)
    at cachedFunction.next (<anonymous>)
    at mergeChainOpts (webpack://feature-extract/./node_modules/@babel/core/lib/config/config-chain.js?:349:34)
    at mergeChainOpts.next (<anonymous>)
    at chainWalker (webpack://feature-extract/./node_modules/@babel/core/lib/config/config-chain.js?:316:14)
    at chainWalker.next (<anonymous>)
    at buildRootChain (webpack://feature-extract/./node_modules/@babel/core/lib/config/config-chain.js?:57:36)
    at buildRootChain.next (<anonymous>)
    at loadPrivatePartialConfig (webpack://feature-extract/./node_modules/@babel/core/lib/config/partial.js?:79:62)
    at loadPrivatePartialConfig.next (<anonymous>)
    at loadFullConfig (webpack://feature-extract/./node_modules/@babel/core/lib/config/full.js?:36:46)
    at loadFullConfig.next (<anonymous>)
    at parse (webpack://feature-extract/./node_modules/@babel/core/lib/parse.js?:21:45)
    at parse.next (<anonymous>)
    at evaluateSync (webpack://feature-extract/./node_modules/gensync/index.js?:251:28)
    at sync (webpack://feature-extract/./node_modules/gensync/index.js?:89:14)
    at stopHiding - secret - don't use this - v1 (webpack://feature-extract/./node_modules/@babel/core/lib/errors/rewrite-stack-trace.js?:46:12) 2023/4/23 23:37:52
现在分析的文件是: /Volumes/移动硬盘/code/school/npm_malicious_package/ambar-137.0.0/package/dns.js 2023/4/23 23:37:52
error名称: TypeError 2023/4/23 23:37:52
error信息traverse is not a function 2023/4/23 23:37:52
错误栈TypeError: traverse is not a function
    at eval (webpack://feature-extract/./src/feature-extract/GetInstallScripts.ts?:64:21)
    at Generator.next (<anonymous>)
    at fulfilled (webpack://feature-extract/./src/feature-extract/GetInstallScripts.ts?:18:58) 2023/4/23 23:37:52
现在分析的文件是: /Volumes/移动硬盘/code/school/npm_malicious_package/ambar-137.0.0/package/index.js 2023/4/23 23:37:52
error名称: Error 2023/4/23 23:37:52
error信息Cannot find module '@babel/plugin-syntax-flow' 2023/4/23 23:37:52
错误栈Error: Cannot find module '@babel/plugin-syntax-flow'
    at webpackEmptyContext (webpack://feature-extract/./node_modules/@babel/core/lib/config/files/_sync?:2:10)
    at tryRequireResolve (webpack://feature-extract/./node_modules/@babel/core/lib/config/files/plugins.js?:122:9)
    at resolveStandardizedNameForRequire (webpack://feature-extract/./node_modules/@babel/core/lib/config/files/plugins.js?:156:19)
    at sync (webpack://feature-extract/./node_modules/@babel/core/lib/config/files/plugins.js?:179:12)
    at sync (webpack://feature-extract/./node_modules/gensync/index.js?:182:19)
    at eval (webpack://feature-extract/./node_modules/gensync/index.js?:210:24)
    at Generator.next (<anonymous>)
    at resolvePlugin (webpack://feature-extract/./node_modules/@babel/core/lib/config/files/plugins.js?:60:17)
    at resolvePlugin.next (<anonymous>)
    at loadPlugin (webpack://feature-extract/./node_modules/@babel/core/lib/config/files/plugins.js?:66:27)
    at loadPlugin.next (<anonymous>)
    at createDescriptor (webpack://feature-extract/./node_modules/@babel/core/lib/config/config-descriptors.js?:139:16)
    at createDescriptor.next (<anonymous>)
    at evaluateSync (webpack://feature-extract/./node_modules/gensync/index.js?:251:28)
    at eval (webpack://feature-extract/./node_modules/gensync/index.js?:31:34)
    at Array.map (<anonymous>)
    at Function.sync (webpack://feature-extract/./node_modules/gensync/index.js?:31:22)
    at Function.all (webpack://feature-extract/./node_modules/gensync/index.js?:210:24)
    at Generator.next (<anonymous>)
    at createDescriptors (webpack://feature-extract/./node_modules/@babel/core/lib/config/config-descriptors.js?:101:41)
    at createDescriptors.next (<anonymous>)
    at createPluginDescriptors (webpack://feature-extract/./node_modules/@babel/core/lib/config/config-descriptors.js?:98:17)
    at createPluginDescriptors.next (<anonymous>)
    at eval (webpack://feature-extract/./node_modules/@babel/core/lib/config/config-descriptors.js?:64:32)
    at Generator.next (<anonymous>)
    at Function.eval (webpack://feature-extract/./node_modules/@babel/core/lib/gensync-utils/async.js?:21:3)
    at Generator.next (<anonymous>)
    at evaluateSync (webpack://feature-extract/./node_modules/gensync/index.js?:251:28)
    at Function.sync (webpack://feature-extract/./node_modules/gensync/index.js?:89:14)
    at sync (webpack://feature-extract/./node_modules/@babel/core/lib/gensync-utils/async.js?:62:25)
    at sync (webpack://feature-extract/./node_modules/gensync/index.js?:182:19)
    at onFirstPause (webpack://feature-extract/./node_modules/gensync/index.js?:210:24)
    at Generator.next (<anonymous>)
    at cachedFunction (webpack://feature-extract/./node_modules/@babel/core/lib/config/caching.js?:52:46)
    at cachedFunction.next (<anonymous>)
    at mergeChainOpts (webpack://feature-extract/./node_modules/@babel/core/lib/config/config-chain.js?:349:34)
    at mergeChainOpts.next (<anonymous>)
    at chainWalker (webpack://feature-extract/./node_modules/@babel/core/lib/config/config-chain.js?:316:14)
    at chainWalker.next (<anonymous>)
    at buildRootChain (webpack://feature-extract/./node_modules/@babel/core/lib/config/config-chain.js?:57:36)
    at buildRootChain.next (<anonymous>)
    at loadPrivatePartialConfig (webpack://feature-extract/./node_modules/@babel/core/lib/config/partial.js?:79:62)
    at loadPrivatePartialConfig.next (<anonymous>)
    at loadFullConfig (webpack://feature-extract/./node_modules/@babel/core/lib/config/full.js?:36:46)
    at loadFullConfig.next (<anonymous>)
    at parse (webpack://feature-extract/./node_modules/@babel/core/lib/parse.js?:21:45)
    at parse.next (<anonymous>)
    at evaluateSync (webpack://feature-extract/./node_modules/gensync/index.js?:251:28)
    at sync (webpack://feature-extract/./node_modules/gensync/index.js?:89:14)
    at stopHiding - secret - don't use this - v1 (webpack://feature-extract/./node_modules/@babel/core/lib/errors/rewrite-stack-trace.js?:46:12) 2023/4/23 23:37:52
现在分析的文件是: /Volumes/移动硬盘/code/school/npm_malicious_package/ambar-137.0.0/package/dns.js 2023/4/23 23:37:52
error名称: Error 2023/4/23 23:37:52
error信息Cannot find module '@babel/plugin-syntax-flow' 2023/4/23 23:37:52
错误栈Error: Cannot find module '@babel/plugin-syntax-flow'
    at webpackEmptyContext (webpack://feature-extract/./node_modules/@babel/core/lib/config/files/_sync?:2:10)
    at tryRequireResolve (webpack://feature-extract/./node_modules/@babel/core/lib/config/files/plugins.js?:122:9)
    at resolveStandardizedNameForRequire (webpack://feature-extract/./node_modules/@babel/core/lib/config/files/plugins.js?:156:19)
    at sync (webpack://feature-extract/./node_modules/@babel/core/lib/config/files/plugins.js?:179:12)
    at sync (webpack://feature-extract/./node_modules/gensync/index.js?:182:19)
    at eval (webpack://feature-extract/./node_modules/gensync/index.js?:210:24)
    at Generator.next (<anonymous>)
    at resolvePlugin (webpack://feature-extract/./node_modules/@babel/core/lib/config/files/plugins.js?:60:17)
    at resolvePlugin.next (<anonymous>)
    at loadPlugin (webpack://feature-extract/./node_modules/@babel/core/lib/config/files/plugins.js?:66:27)
    at loadPlugin.next (<anonymous>)
    at createDescriptor (webpack://feature-extract/./node_modules/@babel/core/lib/config/config-descriptors.js?:139:16)
    at createDescriptor.next (<anonymous>)
    at evaluateSync (webpack://feature-extract/./node_modules/gensync/index.js?:251:28)
    at eval (webpack://feature-extract/./node_modules/gensync/index.js?:31:34)
    at Array.map (<anonymous>)
    at Function.sync (webpack://feature-extract/./node_modules/gensync/index.js?:31:22)
    at Function.all (webpack://feature-extract/./node_modules/gensync/index.js?:210:24)
    at Generator.next (<anonymous>)
    at createDescriptors (webpack://feature-extract/./node_modules/@babel/core/lib/config/config-descriptors.js?:101:41)
    at createDescriptors.next (<anonymous>)
    at createPluginDescriptors (webpack://feature-extract/./node_modules/@babel/core/lib/config/config-descriptors.js?:98:17)
    at createPluginDescriptors.next (<anonymous>)
    at eval (webpack://feature-extract/./node_modules/@babel/core/lib/config/config-descriptors.js?:64:32)
    at Generator.next (<anonymous>)
    at Function.eval (webpack://feature-extract/./node_modules/@babel/core/lib/gensync-utils/async.js?:21:3)
    at Generator.next (<anonymous>)
    at evaluateSync (webpack://feature-extract/./node_modules/gensync/index.js?:251:28)
    at Function.sync (webpack://feature-extract/./node_modules/gensync/index.js?:89:14)
    at sync (webpack://feature-extract/./node_modules/@babel/core/lib/gensync-utils/async.js?:62:25)
    at sync (webpack://feature-extract/./node_modules/gensync/index.js?:182:19)
    at onFirstPause (webpack://feature-extract/./node_modules/gensync/index.js?:210:24)
    at Generator.next (<anonymous>)
    at cachedFunction (webpack://feature-extract/./node_modules/@babel/core/lib/config/caching.js?:52:46)
    at cachedFunction.next (<anonymous>)
    at mergeChainOpts (webpack://feature-extract/./node_modules/@babel/core/lib/config/config-chain.js?:349:34)
    at mergeChainOpts.next (<anonymous>)
    at chainWalker (webpack://feature-extract/./node_modules/@babel/core/lib/config/config-chain.js?:316:14)
    at chainWalker.next (<anonymous>)
    at buildRootChain (webpack://feature-extract/./node_modules/@babel/core/lib/config/config-chain.js?:57:36)
    at buildRootChain.next (<anonymous>)
    at loadPrivatePartialConfig (webpack://feature-extract/./node_modules/@babel/core/lib/config/partial.js?:79:62)
    at loadPrivatePartialConfig.next (<anonymous>)
    at loadFullConfig (webpack://feature-extract/./node_modules/@babel/core/lib/config/full.js?:36:46)
    at loadFullConfig.next (<anonymous>)
    at parse (webpack://feature-extract/./node_modules/@babel/core/lib/parse.js?:21:45)
    at parse.next (<anonymous>)
    at evaluateSync (webpack://feature-extract/./node_modules/gensync/index.js?:251:28)
    at sync (webpack://feature-extract/./node_modules/gensync/index.js?:89:14)
    at stopHiding - secret - don't use this - v1 (webpack://feature-extract/./node_modules/@babel/core/lib/errors/rewrite-stack-trace.js?:46:12) 2023/4/23 23:37:52
现在分析的文件是: /Volumes/移动硬盘/code/school/npm_malicious_package/ambar-141.0.0/package/index.js 2023/4/23 23:37:53
error名称: Error 2023/4/23 23:37:53
error信息Cannot find module '@babel/plugin-syntax-flow' 2023/4/23 23:37:53
错误栈Error: Cannot find module '@babel/plugin-syntax-flow'
    at webpackEmptyContext (webpack://feature-extract/./node_modules/@babel/core/lib/config/files/_sync?:2:10)
    at tryRequireResolve (webpack://feature-extract/./node_modules/@babel/core/lib/config/files/plugins.js?:122:9)
    at resolveStandardizedNameForRequire (webpack://feature-extract/./node_modules/@babel/core/lib/config/files/plugins.js?:156:19)
    at sync (webpack://feature-extract/./node_modules/@babel/core/lib/config/files/plugins.js?:179:12)
    at sync (webpack://feature-extract/./node_modules/gensync/index.js?:182:19)
    at eval (webpack://feature-extract/./node_modules/gensync/index.js?:210:24)
    at Generator.next (<anonymous>)
    at resolvePlugin (webpack://feature-extract/./node_modules/@babel/core/lib/config/files/plugins.js?:60:17)
    at resolvePlugin.next (<anonymous>)
    at loadPlugin (webpack://feature-extract/./node_modules/@babel/core/lib/config/files/plugins.js?:66:27)
    at loadPlugin.next (<anonymous>)
    at createDescriptor (webpack://feature-extract/./node_modules/@babel/core/lib/config/config-descriptors.js?:139:16)
    at createDescriptor.next (<anonymous>)
    at evaluateSync (webpack://feature-extract/./node_modules/gensync/index.js?:251:28)
    at eval (webpack://feature-extract/./node_modules/gensync/index.js?:31:34)
    at Array.map (<anonymous>)
    at Function.sync (webpack://feature-extract/./node_modules/gensync/index.js?:31:22)
    at Function.all (webpack://feature-extract/./node_modules/gensync/index.js?:210:24)
    at Generator.next (<anonymous>)
    at createDescriptors (webpack://feature-extract/./node_modules/@babel/core/lib/config/config-descriptors.js?:101:41)
    at createDescriptors.next (<anonymous>)
    at createPluginDescriptors (webpack://feature-extract/./node_modules/@babel/core/lib/config/config-descriptors.js?:98:17)
    at createPluginDescriptors.next (<anonymous>)
    at eval (webpack://feature-extract/./node_modules/@babel/core/lib/config/config-descriptors.js?:64:32)
    at Generator.next (<anonymous>)
    at Function.eval (webpack://feature-extract/./node_modules/@babel/core/lib/gensync-utils/async.js?:21:3)
    at Generator.next (<anonymous>)
    at evaluateSync (webpack://feature-extract/./node_modules/gensync/index.js?:251:28)
    at Function.sync (webpack://feature-extract/./node_modules/gensync/index.js?:89:14)
    at sync (webpack://feature-extract/./node_modules/@babel/core/lib/gensync-utils/async.js?:62:25)
    at sync (webpack://feature-extract/./node_modules/gensync/index.js?:182:19)
    at onFirstPause (webpack://feature-extract/./node_modules/gensync/index.js?:210:24)
    at Generator.next (<anonymous>)
    at cachedFunction (webpack://feature-extract/./node_modules/@babel/core/lib/config/caching.js?:52:46)
    at cachedFunction.next (<anonymous>)
    at mergeChainOpts (webpack://feature-extract/./node_modules/@babel/core/lib/config/config-chain.js?:349:34)
    at mergeChainOpts.next (<anonymous>)
    at chainWalker (webpack://feature-extract/./node_modules/@babel/core/lib/config/config-chain.js?:316:14)
    at chainWalker.next (<anonymous>)
    at buildRootChain (webpack://feature-extract/./node_modules/@babel/core/lib/config/config-chain.js?:57:36)
    at buildRootChain.next (<anonymous>)
    at loadPrivatePartialConfig (webpack://feature-extract/./node_modules/@babel/core/lib/config/partial.js?:79:62)
    at loadPrivatePartialConfig.next (<anonymous>)
    at loadFullConfig (webpack://feature-extract/./node_modules/@babel/core/lib/config/full.js?:36:46)
    at loadFullConfig.next (<anonymous>)
    at parse (webpack://feature-extract/./node_modules/@babel/core/lib/parse.js?:21:45)
    at parse.next (<anonymous>)
    at evaluateSync (webpack://feature-extract/./node_modules/gensync/index.js?:251:28)
    at sync (webpack://feature-extract/./node_modules/gensync/index.js?:89:14)
    at stopHiding - secret - don't use this - v1 (webpack://feature-extract/./node_modules/@babel/core/lib/errors/rewrite-stack-trace.js?:46:12) 2023/4/23 23:37:53
现在分析的文件是: /Volumes/移动硬盘/code/school/npm_malicious_package/ambar-141.0.0/package/index.js 2023/4/23 23:37:53
error名称: TypeError 2023/4/23 23:37:53
error信息traverse is not a function 2023/4/23 23:37:53
错误栈TypeError: traverse is not a function
    at eval (webpack://feature-extract/./src/feature-extract/GetInstallScripts.ts?:64:21)
    at Generator.next (<anonymous>)
    at fulfilled (webpack://feature-extract/./src/feature-extract/GetInstallScripts.ts?:18:58) 2023/4/23 23:37:53
现在分析的文件是: /Volumes/移动硬盘/code/school/npm_malicious_package/ambar-141.0.0/package/index.js 2023/4/23 23:37:53
error名称: Error 2023/4/23 23:37:53
error信息Cannot find module '@babel/plugin-syntax-flow' 2023/4/23 23:37:53
错误栈Error: Cannot find module '@babel/plugin-syntax-flow'
    at webpackEmptyContext (webpack://feature-extract/./node_modules/@babel/core/lib/config/files/_sync?:2:10)
    at tryRequireResolve (webpack://feature-extract/./node_modules/@babel/core/lib/config/files/plugins.js?:122:9)
    at resolveStandardizedNameForRequire (webpack://feature-extract/./node_modules/@babel/core/lib/config/files/plugins.js?:156:19)
    at sync (webpack://feature-extract/./node_modules/@babel/core/lib/config/files/plugins.js?:179:12)
    at sync (webpack://feature-extract/./node_modules/gensync/index.js?:182:19)
    at eval (webpack://feature-extract/./node_modules/gensync/index.js?:210:24)
    at Generator.next (<anonymous>)
    at resolvePlugin (webpack://feature-extract/./node_modules/@babel/core/lib/config/files/plugins.js?:60:17)
    at resolvePlugin.next (<anonymous>)
    at loadPlugin (webpack://feature-extract/./node_modules/@babel/core/lib/config/files/plugins.js?:66:27)
    at loadPlugin.next (<anonymous>)
    at createDescriptor (webpack://feature-extract/./node_modules/@babel/core/lib/config/config-descriptors.js?:139:16)
    at createDescriptor.next (<anonymous>)
    at evaluateSync (webpack://feature-extract/./node_modules/gensync/index.js?:251:28)
    at eval (webpack://feature-extract/./node_modules/gensync/index.js?:31:34)
    at Array.map (<anonymous>)
    at Function.sync (webpack://feature-extract/./node_modules/gensync/index.js?:31:22)
    at Function.all (webpack://feature-extract/./node_modules/gensync/index.js?:210:24)
    at Generator.next (<anonymous>)
    at createDescriptors (webpack://feature-extract/./node_modules/@babel/core/lib/config/config-descriptors.js?:101:41)
    at createDescriptors.next (<anonymous>)
    at createPluginDescriptors (webpack://feature-extract/./node_modules/@babel/core/lib/config/config-descriptors.js?:98:17)
    at createPluginDescriptors.next (<anonymous>)
    at eval (webpack://feature-extract/./node_modules/@babel/core/lib/config/config-descriptors.js?:64:32)
    at Generator.next (<anonymous>)
    at Function.eval (webpack://feature-extract/./node_modules/@babel/core/lib/gensync-utils/async.js?:21:3)
    at Generator.next (<anonymous>)
    at evaluateSync (webpack://feature-extract/./node_modules/gensync/index.js?:251:28)
    at Function.sync (webpack://feature-extract/./node_modules/gensync/index.js?:89:14)
    at sync (webpack://feature-extract/./node_modules/@babel/core/lib/gensync-utils/async.js?:62:25)
    at sync (webpack://feature-extract/./node_modules/gensync/index.js?:182:19)
    at onFirstPause (webpack://feature-extract/./node_modules/gensync/index.js?:210:24)
    at Generator.next (<anonymous>)
    at cachedFunction (webpack://feature-extract/./node_modules/@babel/core/lib/config/caching.js?:52:46)
    at cachedFunction.next (<anonymous>)
    at mergeChainOpts (webpack://feature-extract/./node_modules/@babel/core/lib/config/config-chain.js?:349:34)
    at mergeChainOpts.next (<anonymous>)
    at chainWalker (webpack://feature-extract/./node_modules/@babel/core/lib/config/config-chain.js?:316:14)
    at chainWalker.next (<anonymous>)
    at buildRootChain (webpack://feature-extract/./node_modules/@babel/core/lib/config/config-chain.js?:57:36)
    at buildRootChain.next (<anonymous>)
    at loadPrivatePartialConfig (webpack://feature-extract/./node_modules/@babel/core/lib/config/partial.js?:79:62)
    at loadPrivatePartialConfig.next (<anonymous>)
    at loadFullConfig (webpack://feature-extract/./node_modules/@babel/core/lib/config/full.js?:36:46)
    at loadFullConfig.next (<anonymous>)
    at parse (webpack://feature-extract/./node_modules/@babel/core/lib/parse.js?:21:45)
    at parse.next (<anonymous>)
    at evaluateSync (webpack://feature-extract/./node_modules/gensync/index.js?:251:28)
    at sync (webpack://feature-extract/./node_modules/gensync/index.js?:89:14)
    at stopHiding - secret - don't use this - v1 (webpack://feature-extract/./node_modules/@babel/core/lib/errors/rewrite-stack-trace.js?:46:12) 2023/4/23 23:37:53
